<?xml version="1.0" encoding="UTF-8"?>
<!-- Generated by org.testng.reporters.JUnitXMLReporter -->
<testsuite ignored="0" hostname="DESKTOP-IU3M5TE" failures="0" tests="3" name="Default test" time="29.745" errors="0" timestamp="2022-04-24T12:34:28 BST">
  <testcase classname="com.testcase.Testing1" name="testCaseNoTHREE" time="0.009"/>
  <testcase classname="com.testcase.Testing1" name="testCaseNoTWO" time="0.002"/>
  <testcase classname="com.testcase.Testing1" name="verifySeleniumFeatureLinkDisplaysOnThePage" time="21.727"/>
</testsuite> <!-- Default test -->
