<?xml version="1.0" encoding="UTF-8"?>
<!-- Generated by org.testng.reporters.JUnitXMLReporter -->
<testsuite ignored="3" hostname="DESKTOP-IU3M5TE" failures="0" tests="0" time="0.013" errors="0" timestamp="2022-04-24T12:30:21 BST">
  <testcase classname="com.testcase.Testing1" name="testCaseNoTWO" time="0.0">
    <ignored/>
  </testcase> <!-- testCaseNoTWO -->
  <testcase classname="com.testcase.Testing1" name="verifySeleniumFeatureLinkDisplaysOnThePage" time="0.0">
    <ignored/>
  </testcase> <!-- verifySeleniumFeatureLinkDisplaysOnThePage -->
  <testcase classname="com.testcase.Testing1" name="testCaseNoTHREE" time="0.0">
    <ignored/>
  </testcase> <!-- testCaseNoTHREE -->
</testsuite>
