<?xml version="1.0" encoding="UTF-8"?>
<!-- Generated by org.testng.reporters.JUnitXMLReporter -->
<testsuite ignored="0" hostname="DESKTOP-IU3M5TE" failures="0" tests="3" name="Test" time="28.133" errors="0" timestamp="2022-04-24T11:58:16 BST">
  <testcase classname="com.testcase.Testing1" name="testCaseNoTHREE" time="0.001"/>
  <testcase classname="com.testcase.Testing1" name="testCaseNoTWO" time="0.001"/>
  <testcase classname="com.testcase.Testing1" name="verifySeleniumFeatureLinkDisplaysOnThePage" time="20.754"/>
</testsuite> <!-- Test -->
