<?xml version="1.0" encoding="UTF-8"?>
<testng-results ignored="0" total="3" passed="3" failed="0" skipped="0">
  <reporter-output>
  </reporter-output>
  <suite started-at="2022-04-24T11:57:48 BST" name="Suite" finished-at="2022-04-24T11:58:16 BST" duration-ms="28133">
    <groups>
    </groups>
    <test started-at="2022-04-24T11:57:48 BST" name="Test" finished-at="2022-04-24T11:58:16 BST" duration-ms="28133">
      <class name="com.testcase.Testing1">
        <test-method is-config="true" signature="setup()[pri:0, instance:com.testcase.Testing1@8462f31]" started-at="2022-04-24T11:57:48 BST" name="setup" finished-at="2022-04-24T11:57:51 BST" duration-ms="2786" status="PASS">
          <reporter-output>
          </reporter-output>
        </test-method> <!-- setup -->
        <test-method signature="testCaseNoTHREE()[pri:0, instance:com.testcase.Testing1@8462f31]" started-at="2022-04-24T11:57:51 BST" name="testCaseNoTHREE" finished-at="2022-04-24T11:57:51 BST" duration-ms="1" status="PASS">
          <reporter-output>
          </reporter-output>
        </test-method> <!-- testCaseNoTHREE -->
        <test-method is-config="true" signature="teardown()[pri:0, instance:com.testcase.Testing1@8462f31]" started-at="2022-04-24T11:57:51 BST" name="teardown" finished-at="2022-04-24T11:57:51 BST" duration-ms="225" status="PASS">
          <reporter-output>
          </reporter-output>
        </test-method> <!-- teardown -->
        <test-method is-config="true" signature="setup()[pri:0, instance:com.testcase.Testing1@8462f31]" started-at="2022-04-24T11:57:51 BST" name="setup" finished-at="2022-04-24T11:57:53 BST" duration-ms="1821" status="PASS">
          <reporter-output>
          </reporter-output>
        </test-method> <!-- setup -->
        <test-method signature="testCaseNoTWO()[pri:0, instance:com.testcase.Testing1@8462f31]" started-at="2022-04-24T11:57:53 BST" name="testCaseNoTWO" finished-at="2022-04-24T11:57:53 BST" duration-ms="1" status="PASS">
          <reporter-output>
          </reporter-output>
        </test-method> <!-- testCaseNoTWO -->
        <test-method is-config="true" signature="teardown()[pri:0, instance:com.testcase.Testing1@8462f31]" started-at="2022-04-24T11:57:53 BST" name="teardown" finished-at="2022-04-24T11:57:53 BST" duration-ms="273" status="PASS">
          <reporter-output>
          </reporter-output>
        </test-method> <!-- teardown -->
        <test-method is-config="true" signature="setup()[pri:0, instance:com.testcase.Testing1@8462f31]" started-at="2022-04-24T11:57:53 BST" name="setup" finished-at="2022-04-24T11:57:55 BST" duration-ms="1854" status="PASS">
          <reporter-output>
          </reporter-output>
        </test-method> <!-- setup -->
        <test-method signature="verifySeleniumFeatureLinkDisplaysOnThePage()[pri:0, instance:com.testcase.Testing1@8462f31]" started-at="2022-04-24T11:57:55 BST" name="verifySeleniumFeatureLinkDisplaysOnThePage" finished-at="2022-04-24T11:58:15 BST" duration-ms="20754" status="PASS">
          <reporter-output>
          </reporter-output>
        </test-method> <!-- verifySeleniumFeatureLinkDisplaysOnThePage -->
        <test-method is-config="true" signature="teardown()[pri:0, instance:com.testcase.Testing1@8462f31]" started-at="2022-04-24T11:58:15 BST" name="teardown" finished-at="2022-04-24T11:58:16 BST" duration-ms="384" status="PASS">
          <reporter-output>
          </reporter-output>
        </test-method> <!-- teardown -->
      </class> <!-- com.testcase.Testing1 -->
    </test> <!-- Test -->
  </suite> <!-- Suite -->
</testng-results>
